  main.cpp
D:\Study\Work\Game Project\Game Assignment\main.cpp(91,66): warning C4244: 'argument': conversion from 'T' to 'float', possible loss of data
D:\Study\Work\Game Project\Game Assignment\main.cpp(91,66): warning C4244:         with
D:\Study\Work\Game Project\Game Assignment\main.cpp(91,66): warning C4244:         [
D:\Study\Work\Game Project\Game Assignment\main.cpp(91,66): warning C4244:             T=unsigned int
D:\Study\Work\Game Project\Game Assignment\main.cpp(91,66): warning C4244:         ]
D:\Study\Work\Game Project\Game Assignment\main.cpp(91,42): warning C4244: 'argument': conversion from 'T' to 'float', possible loss of data
D:\Study\Work\Game Project\Game Assignment\main.cpp(91,42): warning C4244:         with
D:\Study\Work\Game Project\Game Assignment\main.cpp(91,42): warning C4244:         [
D:\Study\Work\Game Project\Game Assignment\main.cpp(91,42): warning C4244:             T=unsigned int
D:\Study\Work\Game Project\Game Assignment\main.cpp(91,42): warning C4244:         ]
D:\Study\Work\Game Project\Game Assignment\main.cpp(114,39): warning C4244: 'argument': conversion from 'double' to 'T', possible loss of data
D:\Study\Work\Game Project\Game Assignment\main.cpp(114,39): warning C4244:         with
D:\Study\Work\Game Project\Game Assignment\main.cpp(114,39): warning C4244:         [
D:\Study\Work\Game Project\Game Assignment\main.cpp(114,39): warning C4244:             T=float
D:\Study\Work\Game Project\Game Assignment\main.cpp(114,39): warning C4244:         ]
D:\Study\Work\Game Project\Game Assignment\main.cpp(410,19): warning C4477: 'fprintf' : format string '%s' requires an argument of type 'char *', but variadic argument 1 has type 'std::string'
D:\Study\Work\Game Project\Game Assignment\main.cpp(421,19): warning C4477: 'fprintf' : format string '%s' requires an argument of type 'char *', but variadic argument 1 has type 'std::string'
D:\Study\Work\Game Project\Game Assignment\main.cpp(426,19): warning C4477: 'fprintf' : format string '%s' requires an argument of type 'char *', but variadic argument 1 has type 'long'
D:\Study\Work\Game Project\Game Assignment\main.cpp(426,19): warning C4313: 'fprintf': '%s' in format string conflicts with argument 1 of type 'long'
D:\Study\Work\Game Project\Game Assignment\main.cpp(434,19): warning C4477: 'fprintf' : format string '%d' requires an argument of type 'int', but variadic argument 1 has type 'char *'
D:\Study\Work\Game Project\Game Assignment\main.cpp(434,19): warning C4313: 'fprintf': '%d' in format string conflicts with argument 1 of type 'char *'
D:\Study\Work\Game Project\Game Assignment\main.cpp(441,19): warning C4477: 'fprintf' : format string '%s' requires an argument of type 'char *', but variadic argument 1 has type 'std::string'
D:\Study\Work\Game Project\Game Assignment\main.cpp(471,19): warning C4477: 'fprintf' : format string '%s' requires an argument of type 'char *', but variadic argument 1 has type 'std::string'
D:\Study\Work\Game Project\Game Assignment\main.cpp(511,19): warning C4477: 'fprintf' : format string '%s' requires an argument of type 'char *', but variadic argument 1 has type 'std::string'
D:\Study\Work\Game Project\Game Assignment\main.cpp(604,14): warning C4305: '-=': truncation from 'double' to 'float'
D:\Study\Work\Game Project\Game Assignment\main.cpp(606,14): warning C4553: '==': result of expression not used; did you intend '='?
D:\Study\Work\Game Project\Game Assignment\main.cpp(611,33): warning C4244: 'argument': conversion from 'double' to 'T', possible loss of data
D:\Study\Work\Game Project\Game Assignment\main.cpp(611,33): warning C4244:         with
D:\Study\Work\Game Project\Game Assignment\main.cpp(611,33): warning C4244:         [
D:\Study\Work\Game Project\Game Assignment\main.cpp(611,33): warning C4244:             T=float
D:\Study\Work\Game Project\Game Assignment\main.cpp(611,33): warning C4244:         ]
  Generating code
  1 of 239 functions ( 0.4%) were compiled, the rest were copied from previous compilation.
    0 functions were new in current compilation
    0 functions had inline decision re-evaluated but remain unchanged
  Finished generating code
  Game Assignment.vcxproj -> D:\Study\Work\Game Project\Game Assignment\x64\Release\Game Assignment.exe
